Using pre-set license
Built from '2022.3/release' branch; Version is '2022.3.5f1 (9674261d40ee) revision 9860134'; Using compiler version '192829333'; Build Type 'Release'
OS: 'Windows 10  (10.0.19044) 64bit Professional' Language: 'tr' Physical Memory: 16197 MB
BatchMode: 1, IsHumanControllingUs: 0, StartBugReporterOnCrash: 0, Is64bit: 1, IsPro: 1

COMMAND LINE ARGUMENTS:
C:\Program Files\Unity\Hub\Editor\2022.3.5f1\Editor\Unity.exe
-adb2
-batchMode
-noUpm
-name
AssetImportWorker0
-projectPath
C:/Unity Çalışmalarım/the horror game
-logFile
Logs/AssetImportWorker0.log
-srvPort
58648
Successfully changed project path to: C:/Unity Çalışmalarım/the horror game
C:/Unity Çalışmalarım/the horror game
[UnityMemory] Configuration Parameters - Can be set up in boot.config
    "memorysetup-bucket-allocator-granularity=16"
    "memorysetup-bucket-allocator-bucket-count=8"
    "memorysetup-bucket-allocator-block-size=33554432"
    "memorysetup-bucket-allocator-block-count=8"
    "memorysetup-main-allocator-block-size=16777216"
    "memorysetup-thread-allocator-block-size=16777216"
    "memorysetup-gfx-main-allocator-block-size=16777216"
    "memorysetup-gfx-thread-allocator-block-size=16777216"
    "memorysetup-cache-allocator-block-size=4194304"
    "memorysetup-typetree-allocator-block-size=2097152"
    "memorysetup-profiler-bucket-allocator-granularity=16"
    "memorysetup-profiler-bucket-allocator-bucket-count=8"
    "memorysetup-profiler-bucket-allocator-block-size=33554432"
    "memorysetup-profiler-bucket-allocator-block-count=8"
    "memorysetup-profiler-allocator-block-size=16777216"
    "memorysetup-profiler-editor-allocator-block-size=1048576"
    "memorysetup-temp-allocator-size-main=16777216"
    "memorysetup-job-temp-allocator-block-size=2097152"
    "memorysetup-job-temp-allocator-block-size-background=1048576"
    "memorysetup-job-temp-allocator-reduction-small-platforms=262144"
    "memorysetup-allocator-temp-initial-block-size-main=262144"
    "memorysetup-allocator-temp-initial-block-size-worker=262144"
    "memorysetup-temp-allocator-size-background-worker=32768"
    "memorysetup-temp-allocator-size-job-worker=262144"
    "memorysetup-temp-allocator-size-preload-manager=33554432"
    "memorysetup-temp-allocator-size-nav-mesh-worker=65536"
    "memorysetup-temp-allocator-size-audio-worker=65536"
    "memorysetup-temp-allocator-size-cloud-worker=32768"
    "memorysetup-temp-allocator-size-gi-baking-worker=262144"
    "memorysetup-temp-allocator-size-gfx=262144"
Player connection [14764] Host "[IP] 192.168.0.21 [Port] 0 [Flags] 2 [Guid] 3937537872 [EditorId] 3937537872 [Version] 1048832 [Id] WindowsEditor(7,DESKTOP-N3BUMSF) [Debug] 1 [PackageName] WindowsEditor [ProjectName] Editor" joined multi-casting on [225.0.0.222:54997]...

Player connection [14764] Host "[IP] 192.168.0.21 [Port] 0 [Flags] 2 [Guid] 3937537872 [EditorId] 3937537872 [Version] 1048832 [Id] WindowsEditor(7,DESKTOP-N3BUMSF) [Debug] 1 [PackageName] WindowsEditor [ProjectName] Editor" joined alternative multi-casting on [225.0.0.222:34997]...

Refreshing native plugins compatible for Editor in 4.40 ms, found 3 plugins.
Preloading 0 native plugins for Editor in 0.00 ms.
Initialize engine version: 2022.3.5f1 (9674261d40ee)
[Subsystems] Discovering subsystems at path C:/Program Files/Unity/Hub/Editor/2022.3.5f1/Editor/Data/Resources/UnitySubsystems
[Subsystems] Discovering subsystems at path C:/Unity Çalışmalarım/the horror game/Assets
GfxDevice: creating device client; threaded=0; jobified=0
Direct3D:
    Version:  Direct3D 11.0 [level 11.1]
    Renderer: NVIDIA GeForce RTX 4070 (ID=0x2786)
    Vendor:   NVIDIA
    VRAM:     12026 MB
    Driver:   31.0.15.3598
Initialize mono
Mono path[0] = 'C:/Program Files/Unity/Hub/Editor/2022.3.5f1/Editor/Data/Managed'
Mono path[1] = 'C:/Program Files/Unity/Hub/Editor/2022.3.5f1/Editor/Data/MonoBleedingEdge/lib/mono/unityjit-win32'
Mono config path = 'C:/Program Files/Unity/Hub/Editor/2022.3.5f1/Editor/Data/MonoBleedingEdge/etc'
Using monoOptions --debugger-agent=transport=dt_socket,embedding=1,server=y,suspend=n,address=127.0.0.1:56944
Begin MonoManager ReloadAssembly
Registering precompiled unity dll's ...
Register platform support module: C:/Program Files/Unity/Hub/Editor/2022.3.5f1/Editor/Data/PlaybackEngines/WebGLSupport/UnityEditor.WebGL.Extensions.dll
Register platform support module: C:/Program Files/Unity/Hub/Editor/2022.3.5f1/Editor/Data/PlaybackEngines/AndroidPlayer/UnityEditor.Android.Extensions.dll
Register platform support module: C:/Program Files/Unity/Hub/Editor/2022.3.5f1/Editor/Data/PlaybackEngines/WindowsStandaloneSupport/UnityEditor.WindowsStandalone.Extensions.dll
Registered in 0.007541 seconds.
- Loaded All Assemblies, in  0.253 seconds
Native extension for WindowsStandalone target not found
Native extension for Android target not found
Android Extension - Scanning For ADB Devices 176 ms
Native extension for WebGL target not found
Mono: successfully reloaded assembly
- Finished resetting the current domain, in  0.402 seconds
Domain Reload Profiling: 654ms
	BeginReloadAssembly (63ms)
		ExecutionOrderSort (0ms)
		DisableScriptedObjects (0ms)
		BackupInstance (0ms)
		ReleaseScriptingObjects (0ms)
		CreateAndSetChildDomain (1ms)
	RebuildCommonClasses (25ms)
	RebuildNativeTypeToScriptingClass (8ms)
	initialDomainReloadingComplete (46ms)
	LoadAllAssembliesAndSetupDomain (111ms)
		LoadAssemblies (62ms)
		RebuildTransferFunctionScriptingTraits (0ms)
		AnalyzeDomain (106ms)
			TypeCache.Refresh (106ms)
				TypeCache.ScanAssembly (94ms)
			ScanForSourceGeneratedMonoScriptInfo (0ms)
			ResolveRequiredComponents (0ms)
	FinalizeReload (403ms)
		ReleaseScriptCaches (0ms)
		RebuildScriptCaches (0ms)
		SetupLoadedEditorAssemblies (362ms)
			LogAssemblyErrors (0ms)
			InitializePlatformSupportModulesInManaged (259ms)
			SetLoadedEditorAssemblies (3ms)
			RefreshPlugins (0ms)
			BeforeProcessingInitializeOnLoad (2ms)
			ProcessInitializeOnLoadAttributes (67ms)
			ProcessInitializeOnLoadMethodAttributes (31ms)
			AfterProcessingInitializeOnLoad (0ms)
			EditorAssembliesLoaded (0ms)
		ExecutionOrderSort2 (0ms)
		AwakeInstancesAfterBackupRestoration (0ms)
========================================================================
Worker process is ready to serve import requests
Begin MonoManager ReloadAssembly
Symbol file LoadedFromMemory doesn't match image C:\Unity Çalışmalarım\the horror game\Library\PackageCache\com.unity.visualscripting@1.8.0\Editor\VisualScripting.Core\Dependencies\YamlDotNet\Unity.VisualScripting.YamlDotNet.dll
Symbol file LoadedFromMemory doesn't match image C:\Unity Çalışmalarım\the horror game\Library\PackageCache\com.unity.visualscripting@1.8.0\Editor\VisualScripting.Core\Dependencies\DotNetZip\Unity.VisualScripting.IonicZip.dll
- Loaded All Assemblies, in  0.524 seconds
Refreshing native plugins compatible for Editor in 1.81 ms, found 3 plugins.
Native extension for WindowsStandalone target not found
Native extension for Android target not found
Native extension for WebGL target not found
Mono: successfully reloaded assembly
- Finished resetting the current domain, in  0.369 seconds
Domain Reload Profiling: 892ms
	BeginReloadAssembly (96ms)
		ExecutionOrderSort (0ms)
		DisableScriptedObjects (5ms)
		BackupInstance (0ms)
		ReleaseScriptingObjects (0ms)
		CreateAndSetChildDomain (15ms)
	RebuildCommonClasses (23ms)
	RebuildNativeTypeToScriptingClass (7ms)
	initialDomainReloadingComplete (31ms)
	LoadAllAssembliesAndSetupDomain (365ms)
		LoadAssemblies (198ms)
		RebuildTransferFunctionScriptingTraits (0ms)
		AnalyzeDomain (210ms)
			TypeCache.Refresh (199ms)
				TypeCache.ScanAssembly (189ms)
			ScanForSourceGeneratedMonoScriptInfo (9ms)
			ResolveRequiredComponents (2ms)
	FinalizeReload (370ms)
		ReleaseScriptCaches (0ms)
		RebuildScriptCaches (0ms)
		SetupLoadedEditorAssemblies (260ms)
			LogAssemblyErrors (0ms)
			InitializePlatformSupportModulesInManaged (19ms)
			SetLoadedEditorAssemblies (3ms)
			RefreshPlugins (0ms)
			BeforeProcessingInitializeOnLoad (41ms)
			ProcessInitializeOnLoadAttributes (179ms)
			ProcessInitializeOnLoadMethodAttributes (13ms)
			AfterProcessingInitializeOnLoad (5ms)
			EditorAssembliesLoaded (0ms)
		ExecutionOrderSort2 (0ms)
		AwakeInstancesAfterBackupRestoration (4ms)
Launched and connected shader compiler UnityShaderCompiler.exe after 0.03 seconds
Refreshing native plugins compatible for Editor in 1.67 ms, found 3 plugins.
Preloading 0 native plugins for Editor in 0.00 ms.
Unloading 3073 Unused Serialized files (Serialized files now loaded: 0)
Unloading 31 unused Assets / (56.3 KB). Loaded Objects now: 3545.
Memory consumption went from 122.7 MB to 122.6 MB.
Total: 2.147100 ms (FindLiveObjects: 0.172100 ms CreateObjectMapping: 0.077400 ms MarkObjects: 1.823800 ms  DeleteObjects: 0.073000 ms)

AssetImportParameters requested are different than current active one (requested -> active):
  custom:container-demuxer-ogg: 62fdf1f143b41e24485cea50d1cbac27 -> 
  custom:video-decoder-ogg-theora: a1e56fd34408186e4bbccfd4996cb3dc -> 
  custom:framework-win-MediaFoundation: 216162199b28c13a410421893ffa2e32 -> 
  custom:container-demuxer-webm: 4f35f7cbe854078d1ac9338744f61a02 -> 
  custom:container-muxer-webm: aa71ff27fc2769a1b78a27578f13a17b -> 
  custom:video-decoder-webm-vp8: 9c59270c3fd7afecdb556c50c9e8de78 -> 
  custom:AudioImporter_EditorPlatform: d09bf68614088b80899f8185d706f6e7 -> 
  custom:video-encoder-webm-vp8: eb34c28f22e8b96e1ab97ce403110664 -> 
  custom:audio-decoder-ogg-vorbis: bf7c407c2cedff20999df2af8eb42d56 -> 
  custom:audio-encoder-webm-vorbis: bf7c407c2cedff20999df2af8eb42d56 -> 
========================================================================
Received Import Request.
  Time since last request: 237278.835438 seconds.
  path: Assets/key/New Material.mat
  artifactKey: Guid(4842565d9ac08864e91ccb27f4876ea5) Importer(815301076,1909f56bfc062723c751e8b465ee728b)
Start importing Assets/key/New Material.mat using Guid(4842565d9ac08864e91ccb27f4876ea5) Importer(815301076,1909f56bfc062723c751e8b465ee728b)  -> (artifact id: '11ef7bc70e660b31966152590ee83a01') in 0.063667 seconds
Number of updated asset objects reloaded before import = 0
Number of asset objects unloaded after import = 2
========================================================================
Received Prepare
Refreshing native plugins compatible for Editor in 1.53 ms, found 3 plugins.
Preloading 0 native plugins for Editor in 0.00 ms.
Unloading 0 Unused Serialized files (Serialized files now loaded: 0)
Unloading 1 unused Assets / (0.8 KB). Loaded Objects now: 3586.
Memory consumption went from 73.6 MB to 73.6 MB.
Total: 2.131100 ms (FindLiveObjects: 0.159000 ms CreateObjectMapping: 0.062400 ms MarkObjects: 1.896400 ms  DeleteObjects: 0.012200 ms)

Prepare: number of updated asset objects reloaded= 0
AssetImportParameters requested are different than current active one (requested -> active):
  custom:container-demuxer-ogg: 62fdf1f143b41e24485cea50d1cbac27 -> 
  custom:video-decoder-ogg-theora: a1e56fd34408186e4bbccfd4996cb3dc -> 
  custom:framework-win-MediaFoundation: 216162199b28c13a410421893ffa2e32 -> 
  custom:CustomObjectIndexerAttribute: 756ad292c208cfabdd7b50bc23989ffe -> 
  custom:container-demuxer-webm: 4f35f7cbe854078d1ac9338744f61a02 -> 
  custom:container-muxer-webm: aa71ff27fc2769a1b78a27578f13a17b -> 
  custom:video-decoder-webm-vp8: 9c59270c3fd7afecdb556c50c9e8de78 -> 
  custom:AudioImporter_EditorPlatform: d09bf68614088b80899f8185d706f6e7 -> 
  custom:video-encoder-webm-vp8: eb34c28f22e8b96e1ab97ce403110664 -> 
  custom:audio-decoder-ogg-vorbis: bf7c407c2cedff20999df2af8eb42d56 -> 
  custom:audio-encoder-webm-vorbis: bf7c407c2cedff20999df2af8eb42d56 -> 
========================================================================
Received Import Request.
  Time since last request: 11.137098 seconds.
  path: Assets/Morgue Room PBR/Models/floor
  artifactKey: Guid(dc9e3372873970948bdd4e1c24a083f2) Importer(815301076,1909f56bfc062723c751e8b465ee728b)
Start importing Assets/Morgue Room PBR/Models/floor using Guid(dc9e3372873970948bdd4e1c24a083f2) Importer(815301076,1909f56bfc062723c751e8b465ee728b)  -> (artifact id: 'dc00a237be6277b31f7066fcf69e6590') in 0.012324 seconds
Number of updated asset objects reloaded before import = 0
Number of asset objects unloaded after import = 0
========================================================================
Received Import Request.
  Time since last request: 0.074145 seconds.
  path: Assets/Morgue Room PBR/Models/floor/floor_ceiling_4x4.fbx
  artifactKey: Guid(520074d9834269448bf268f5cb1f9215) Importer(815301076,1909f56bfc062723c751e8b465ee728b)
Start importing Assets/Morgue Room PBR/Models/floor/floor_ceiling_4x4.fbx using Guid(520074d9834269448bf268f5cb1f9215) Importer(815301076,1909f56bfc062723c751e8b465ee728b)  -> (artifact id: '387356c7c9951f3812a66ad3f53731fc') in 0.050705 seconds
Number of updated asset objects reloaded before import = 0
Number of asset objects unloaded after import = 8
========================================================================
Received Import Request.
  Time since last request: 0.000016 seconds.
  path: Assets/Morgue Room PBR/Models/floor/floor_ceiling_8x8.fbx
  artifactKey: Guid(3a77418097e7ca7478553756758df054) Importer(815301076,1909f56bfc062723c751e8b465ee728b)
Start importing Assets/Morgue Room PBR/Models/floor/floor_ceiling_8x8.fbx using Guid(3a77418097e7ca7478553756758df054) Importer(815301076,1909f56bfc062723c751e8b465ee728b)  -> (artifact id: '91a9071bb7b4ad16e32876c6999aa30b') in 0.007312 seconds
Number of updated asset objects reloaded before import = 0
Number of asset objects unloaded after import = 8
========================================================================
Received Import Request.
  Time since last request: 0.000021 seconds.
  path: Assets/Morgue Room PBR/Models/floor/floor_ceiling_8x16.fbx
  artifactKey: Guid(1972d5d95f318b844beeee272e0d19cd) Importer(815301076,1909f56bfc062723c751e8b465ee728b)
Start importing Assets/Morgue Room PBR/Models/floor/floor_ceiling_8x16.fbx using Guid(1972d5d95f318b844beeee272e0d19cd) Importer(815301076,1909f56bfc062723c751e8b465ee728b)  -> (artifact id: '1735ab6bbfaa209b79f56dd420e810d8') in 0.015730 seconds
Number of updated asset objects reloaded before import = 0
Number of asset objects unloaded after import = 8
========================================================================
Received Import Request.
  Time since last request: 22.438230 seconds.
  path: Assets/transparan.mat
  artifactKey: Guid(4d341f7c7c1d90d46bb8a29d5bd78791) Importer(815301076,1909f56bfc062723c751e8b465ee728b)
Start importing Assets/transparan.mat using Guid(4d341f7c7c1d90d46bb8a29d5bd78791) Importer(815301076,1909f56bfc062723c751e8b465ee728b)  -> (artifact id: '36b017c72f485143c2088e011b21ea31') in 0.010561 seconds
Number of updated asset objects reloaded before import = 0
Number of asset objects unloaded after import = 1
========================================================================
Received Import Request.
  Time since last request: 481.284306 seconds.
  path: Assets/Telekanal_2+2.png
  artifactKey: Guid(2577ab64247766e4c80d9ccc05c35413) Importer(815301076,1909f56bfc062723c751e8b465ee728b)
Start importing Assets/Telekanal_2+2.png using Guid(2577ab64247766e4c80d9ccc05c35413) Importer(815301076,1909f56bfc062723c751e8b465ee728b)  -> (artifact id: 'cd1f7b06ce28bb751e642257af58d613') in 0.022430 seconds
Number of updated asset objects reloaded before import = 0
Number of asset objects unloaded after import = 2
========================================================================
Received Import Request.
  Time since last request: 5.500403 seconds.
  path: Assets/Telekanal_2+2.png
  artifactKey: Guid(2577ab64247766e4c80d9ccc05c35413) Importer(815301076,1909f56bfc062723c751e8b465ee728b)
Start importing Assets/Telekanal_2+2.png using Guid(2577ab64247766e4c80d9ccc05c35413) Importer(815301076,1909f56bfc062723c751e8b465ee728b)  -> (artifact id: '6346cb7ece2609a621b6a5983166d782') in 0.048955 seconds
Number of updated asset objects reloaded before import = 0
Number of asset objects unloaded after import = 3
========================================================================
Received Import Request.
  Time since last request: 15.372426 seconds.
  path: Assets/2+2.mat
  artifactKey: Guid(307c10b016fc6734589872fe9b6a3254) Importer(815301076,1909f56bfc062723c751e8b465ee728b)
Start importing Assets/2+2.mat using Guid(307c10b016fc6734589872fe9b6a3254) Importer(815301076,1909f56bfc062723c751e8b465ee728b)  -> (artifact id: 'dc7806bd2a720f56b0198937b66fc694') in 0.014830 seconds
Number of updated asset objects reloaded before import = 0
Number of asset objects unloaded after import = 1
========================================================================
Received Import Request.
  Time since last request: 463.522208 seconds.
  path: Assets/2+2.png
  artifactKey: Guid(d6acef8b04925e54684f4b35e975d927) Importer(815301076,1909f56bfc062723c751e8b465ee728b)
Start importing Assets/2+2.png using Guid(d6acef8b04925e54684f4b35e975d927) Importer(815301076,1909f56bfc062723c751e8b465ee728b)  -> (artifact id: '95842b9bb8dd02d10a39e5d2b8f11221') in 0.011119 seconds
Number of updated asset objects reloaded before import = 0
Number of asset objects unloaded after import = 2
========================================================================
Received Import Request.
  Time since last request: 16.239237 seconds.
  path: Assets/2+2.png
  artifactKey: Guid(d6acef8b04925e54684f4b35e975d927) Importer(815301076,1909f56bfc062723c751e8b465ee728b)
Start importing Assets/2+2.png using Guid(d6acef8b04925e54684f4b35e975d927) Importer(815301076,1909f56bfc062723c751e8b465ee728b)  -> (artifact id: 'e809fc2862e365437124b9fdd0d56e2b') in 0.013037 seconds
Number of updated asset objects reloaded before import = 0
Number of asset objects unloaded after import = 3
========================================================================
Received Import Request.
  Time since last request: 115.097823 seconds.
  path: Assets/materials
  artifactKey: Guid(582c9a77d29ef9d479f9772411d13378) Importer(815301076,1909f56bfc062723c751e8b465ee728b)
Start importing Assets/materials using Guid(582c9a77d29ef9d479f9772411d13378) Importer(815301076,1909f56bfc062723c751e8b465ee728b)  -> (artifact id: '8824e96e2bc172b4b7a582fbf2a6d53c') in 0.000518 seconds
Number of updated asset objects reloaded before import = 0
Number of asset objects unloaded after import = 0
========================================================================
Received Import Request.
  Time since last request: 286.220296 seconds.
  path: Assets/saw.PNG
  artifactKey: Guid(c93d876c61e330d45a3014b8d0d0932e) Importer(815301076,1909f56bfc062723c751e8b465ee728b)
Start importing Assets/saw.PNG using Guid(c93d876c61e330d45a3014b8d0d0932e) Importer(815301076,1909f56bfc062723c751e8b465ee728b)  -> (artifact id: '5a6053c1caadfc2a43613d4fef57330f') in 0.020130 seconds
Number of updated asset objects reloaded before import = 0
Number of asset objects unloaded after import = 2
========================================================================
Received Import Request.
  Time since last request: 5.069958 seconds.
  path: Assets/materials/2+2.mat
  artifactKey: Guid(307c10b016fc6734589872fe9b6a3254) Importer(815301076,1909f56bfc062723c751e8b465ee728b)
Start importing Assets/materials/2+2.mat using Guid(307c10b016fc6734589872fe9b6a3254) Importer(815301076,1909f56bfc062723c751e8b465ee728b)  -> (artifact id: '177bea85043a0839ecf0a2e8d631d446') in 0.022618 seconds
Number of updated asset objects reloaded before import = 0
Number of asset objects unloaded after import = 2
========================================================================
Received Import Request.
  Time since last request: 4.275215 seconds.
  path: Assets/materials/saw.mat
  artifactKey: Guid(be20918d24de8be4ca5893ed1b3937b9) Importer(815301076,1909f56bfc062723c751e8b465ee728b)
Start importing Assets/materials/saw.mat using Guid(be20918d24de8be4ca5893ed1b3937b9) Importer(815301076,1909f56bfc062723c751e8b465ee728b)  -> (artifact id: 'a9ace2ae96f985d7d1d5d48f17a9a12c') in 0.010844 seconds
Number of updated asset objects reloaded before import = 0
Number of asset objects unloaded after import = 1
========================================================================
Received Import Request.
  Time since last request: 15.055253 seconds.
  path: Assets/materials/sawTV.mat
  artifactKey: Guid(be20918d24de8be4ca5893ed1b3937b9) Importer(815301076,1909f56bfc062723c751e8b465ee728b)
Start importing Assets/materials/sawTV.mat using Guid(be20918d24de8be4ca5893ed1b3937b9) Importer(815301076,1909f56bfc062723c751e8b465ee728b)  -> (artifact id: 'cc9df339462a4db5b245a53ecb059acb') in 0.028238 seconds
Number of updated asset objects reloaded before import = 0
Number of asset objects unloaded after import = 1
========================================================================
Received Import Request.
  Time since last request: 84.757060 seconds.
  path: Assets/materials/sawTV.mat
  artifactKey: Guid(be20918d24de8be4ca5893ed1b3937b9) Importer(815301076,1909f56bfc062723c751e8b465ee728b)
Start importing Assets/materials/sawTV.mat using Guid(be20918d24de8be4ca5893ed1b3937b9) Importer(815301076,1909f56bfc062723c751e8b465ee728b)  -> (artifact id: '3402a64d2b0d7d419e053a2d68a13acc') in 0.011940 seconds
Number of updated asset objects reloaded before import = 0
Number of asset objects unloaded after import = 2
========================================================================
Received Import Request.
  Time since last request: 965.157596 seconds.
  path: Assets/sounds
  artifactKey: Guid(462a4da6ed58c6d42ad3c0fdc7304a2e) Importer(815301076,1909f56bfc062723c751e8b465ee728b)
Start importing Assets/sounds using Guid(462a4da6ed58c6d42ad3c0fdc7304a2e) Importer(815301076,1909f56bfc062723c751e8b465ee728b)  -> (artifact id: '41698787ab46b4b6b7d18ecdb2fa1a68') in 0.000676 seconds
Number of updated asset objects reloaded before import = 0
Number of asset objects unloaded after import = 0
========================================================================
Received Import Request.
  Time since last request: 17.929090 seconds.
  path: Assets/sounds/Jigsaw laugh.mp3
  artifactKey: Guid(225f13a5939018b4cb0016d6130e76d2) Importer(815301076,1909f56bfc062723c751e8b465ee728b)
Start importing Assets/sounds/Jigsaw laugh.mp3 using Guid(225f13a5939018b4cb0016d6130e76d2) Importer(815301076,1909f56bfc062723c751e8b465ee728b)  -> (artifact id: 'be5ddb6f0dab06500ec9322d01998334') in 0.044023 seconds
Number of updated asset objects reloaded before import = 0
Number of asset objects unloaded after import = 2
